Analysis & Synthesis report for fpga1
Tue Nov 05 13:16:11 2013
Quartus II Version 9.0 Build 235 06/17/2009 Service Pack 2 SJ Full Version


---------------------
; Table of Contents ;
---------------------
  1. Legal Notice
  2. Analysis & Synthesis Summary
  3. Analysis & Synthesis Settings
  4. Analysis & Synthesis Source Files Read
  5. Analysis & Synthesis Resource Usage Summary
  6. Analysis & Synthesis Resource Utilization by Entity
  7. General Register Statistics
  8. Analysis & Synthesis Messages



----------------
; Legal Notice ;
----------------
Copyright (C) 1991-2009 Altera Corporation
Your use of Altera Corporation's design tools, logic functions 
and other software and tools, and its AMPP partner logic 
functions, and any output files from any of the foregoing 
(including device programming or simulation files), and any 
associated documentation or information are expressly subject 
to the terms and conditions of the Altera Program License 
Subscription Agreement, Altera MegaCore Function License 
Agreement, or other applicable license agreement, including, 
without limitation, that your use is for the sole purpose of 
programming logic devices manufactured by Altera and sold by 
Altera or its authorized distributors.  Please refer to the 
applicable agreement for further details.



+-----------------------------------------------------------------------------+
; Analysis & Synthesis Summary                                                ;
+-----------------------------+-----------------------------------------------+
; Analysis & Synthesis Status ; Successful - Tue Nov 05 13:16:10 2013         ;
; Quartus II Version          ; 9.0 Build 235 06/17/2009 SP 2 SJ Full Version ;
; Revision Name               ; fpga1                                         ;
; Top-level Entity Name       ; ADD3                                          ;
; Family                      ; FLEX10K                                       ;
; Total logic elements        ; 19                                            ;
; Total pins                  ; 18                                            ;
; Total memory bits           ; 0                                             ;
+-----------------------------+-----------------------------------------------+


+-----------------------------------------------------------------------------------------------+
; Analysis & Synthesis Settings                                                                 ;
+--------------------------------------------------------------+----------------+---------------+
; Option                                                       ; Setting        ; Default Value ;
+--------------------------------------------------------------+----------------+---------------+
; Device                                                       ; EPF10K10LC84-3 ;               ;
; Top-level entity name                                        ; ADD3           ; fpga1         ;
; Family name                                                  ; FLEX10K        ; Stratix       ;
; Use smart compilation                                        ; Off            ; Off           ;
; Create Debugging Nodes for IP Cores                          ; Off            ; Off           ;
; Preserve fewer node names                                    ; On             ; On            ;
; Disable OpenCore Plus hardware evaluation                    ; Off            ; Off           ;
; Verilog Version                                              ; Verilog_2001   ; Verilog_2001  ;
; VHDL Version                                                 ; VHDL93         ; VHDL93        ;
; State Machine Processing                                     ; Auto           ; Auto          ;
; Safe State Machine                                           ; Off            ; Off           ;
; Extract Verilog State Machines                               ; On             ; On            ;
; Extract VHDL State Machines                                  ; On             ; On            ;
; Ignore Verilog initial constructs                            ; Off            ; Off           ;
; Iteration limit for constant Verilog loops                   ; 5000           ; 5000          ;
; Iteration limit for non-constant Verilog loops               ; 250            ; 250           ;
; Add Pass-Through Logic to Inferred RAMs                      ; On             ; On            ;
; Parallel Synthesis                                           ; Off            ; Off           ;
; NOT Gate Push-Back                                           ; On             ; On            ;
; Power-Up Don't Care                                          ; On             ; On            ;
; Remove Redundant Logic Cells                                 ; Off            ; Off           ;
; Remove Duplicate Registers                                   ; On             ; On            ;
; Ignore CARRY Buffers                                         ; Off            ; Off           ;
; Ignore CASCADE Buffers                                       ; Off            ; Off           ;
; Ignore GLOBAL Buffers                                        ; Off            ; Off           ;
; Ignore ROW GLOBAL Buffers                                    ; Off            ; Off           ;
; Ignore LCELL Buffers                                         ; Off            ; Off           ;
; Ignore SOFT Buffers                                          ; On             ; On            ;
; Limit AHDL Integers to 32 Bits                               ; Off            ; Off           ;
; Auto Implement in ROM                                        ; Off            ; Off           ;
; Optimization Technique                                       ; Area           ; Area          ;
; Carry Chain Length                                           ; 32             ; 32            ;
; Cascade Chain Length                                         ; 2              ; 2             ;
; Auto Carry Chains                                            ; On             ; On            ;
; Auto Open-Drain Pins                                         ; On             ; On            ;
; Auto ROM Replacement                                         ; On             ; On            ;
; Auto RAM Replacement                                         ; On             ; On            ;
; Auto Clock Enable Replacement                                ; On             ; On            ;
; Strict RAM Replacement                                       ; Off            ; Off           ;
; Auto Resource Sharing                                        ; Off            ; Off           ;
; Allow Any RAM Size For Recognition                           ; Off            ; Off           ;
; Allow Any ROM Size For Recognition                           ; Off            ; Off           ;
; Use LogicLock Constraints during Resource Balancing          ; On             ; On            ;
; Ignore translate_off and synthesis_off directives            ; Off            ; Off           ;
; Show Parameter Settings Tables in Synthesis Report           ; On             ; On            ;
; HDL message level                                            ; Level2         ; Level2        ;
; Suppress Register Optimization Related Messages              ; Off            ; Off           ;
; Number of Removed Registers Reported in Synthesis Report     ; 100            ; 100           ;
; Number of Inverted Registers Reported in Synthesis Report    ; 100            ; 100           ;
; Block Design Naming                                          ; Auto           ; Auto          ;
; Synthesis Effort                                             ; Auto           ; Auto          ;
; Shift Register Replacement - Allow Asynchronous Clear Signal ; On             ; On            ;
; Analysis & Synthesis Message Level                           ; Medium         ; Medium        ;
+--------------------------------------------------------------+----------------+---------------+


+-----------------------------------------------------------------------------------------------------------------------------------------------+
; Analysis & Synthesis Source Files Read                                                                                                        ;
+----------------------------------+-----------------+------------------------------------------+-----------------------------------------------+
; File Name with User-Entered Path ; Used in Netlist ; File Type                                ; File Name with Absolute Path                  ;
+----------------------------------+-----------------+------------------------------------------+-----------------------------------------------+
; ADD3.bdf                         ; yes             ; User Block Diagram/Schematic File        ; H:/tparc/TP3/exo3/ADD3.bdf                    ;
; add4group.bdf                    ; yes             ; Auto-Found Block Diagram/Schematic File  ; H:/tparc/max2lib/add4group.bdf                ;
; Add4.gdf                         ; yes             ; Auto-Found Graphic Design File           ; G:/l3info/tparc/max2lib/combinatoire/Add4.gdf ;
; zero.gdf                         ; yes             ; Auto-Found Graphic Design File           ; G:/l3info/tparc/max2lib/combinatoire/zero.gdf ;
+----------------------------------+-----------------+------------------------------------------+-----------------------------------------------+


+---------------------------------------------+
; Analysis & Synthesis Resource Usage Summary ;
+--------------------------------+------------+
; Resource                       ; Usage      ;
+--------------------------------+------------+
; Total logic elements           ; 19         ;
; Total combinational functions  ; 19         ;
;     -- Total 4-input functions ; 11         ;
;     -- Total 3-input functions ; 6          ;
;     -- Total 2-input functions ; 2          ;
;     -- Total 1-input functions ; 0          ;
;     -- Total 0-input functions ; 0          ;
; Total registers                ; 0          ;
; I/O pins                       ; 18         ;
; Maximum fan-out node           ; Y[0]       ;
; Maximum fan-out                ; 5          ;
; Total fan-out                  ; 73         ;
; Average fan-out                ; 1.97       ;
+--------------------------------+------------+


+--------------------------------------------------------------------------------------------------------------------------------------------------------------------------------------------------------------------+
; Analysis & Synthesis Resource Utilization by Entity                                                                                                                                                                ;
+----------------------------+-------------+--------------+-------------+------+--------------+-------------------+------------------+-----------------+------------+---------------------------------+--------------+
; Compilation Hierarchy Node ; Logic Cells ; LC Registers ; Memory Bits ; Pins ; LUT-Only LCs ; Register-Only LCs ; LUT/Register LCs ; Carry Chain LCs ; Packed LCs ; Full Hierarchy Name             ; Library Name ;
+----------------------------+-------------+--------------+-------------+------+--------------+-------------------+------------------+-----------------+------------+---------------------------------+--------------+
; |ADD3                      ; 19 (2)      ; 0            ; 0           ; 18   ; 19 (2)       ; 0 (0)             ; 0 (0)            ; 0 (0)           ; 0 (0)      ; |ADD3                           ; work         ;
;    |add4group:inst4|       ; 6 (0)       ; 0            ; 0           ; 0    ; 6 (0)        ; 0 (0)             ; 0 (0)            ; 0 (0)           ; 0 (0)      ; |ADD3|add4group:inst4           ; work         ;
;       |Add4:inst|          ; 6 (6)       ; 0            ; 0           ; 0    ; 6 (6)        ; 0 (0)             ; 0 (0)            ; 0 (0)           ; 0 (0)      ; |ADD3|add4group:inst4|Add4:inst ; work         ;
;    |add4group:inst|        ; 11 (0)      ; 0            ; 0           ; 0    ; 11 (0)       ; 0 (0)             ; 0 (0)            ; 0 (0)           ; 0 (0)      ; |ADD3|add4group:inst            ; work         ;
;       |Add4:inst|          ; 11 (11)     ; 0            ; 0           ; 0    ; 11 (11)      ; 0 (0)             ; 0 (0)            ; 0 (0)           ; 0 (0)      ; |ADD3|add4group:inst|Add4:inst  ; work         ;
+----------------------------+-------------+--------------+-------------+------+--------------+-------------------+------------------+-----------------+------------+---------------------------------+--------------+
Note: For table entries with two numbers listed, the numbers in parentheses indicate the number of resources of the given type used by the specific entity alone. The numbers listed outside of parentheses indicate the total resources of the given type used by the specific entity and all of its sub-entities in the hierarchy.


+------------------------------------------------------+
; General Register Statistics                          ;
+----------------------------------------------+-------+
; Statistic                                    ; Value ;
+----------------------------------------------+-------+
; Total registers                              ; 0     ;
; Number of registers using Synchronous Clear  ; 0     ;
; Number of registers using Synchronous Load   ; 0     ;
; Number of registers using Asynchronous Clear ; 0     ;
; Number of registers using Asynchronous Load  ; 0     ;
; Number of registers using Clock Enable       ; 0     ;
; Number of registers using Preset             ; 0     ;
+----------------------------------------------+-------+


+-------------------------------+
; Analysis & Synthesis Messages ;
+-------------------------------+
Info: *******************************************************************
Info: Running Quartus II Analysis & Synthesis
    Info: Version 9.0 Build 235 06/17/2009 Service Pack 2 SJ Full Version
    Info: Processing started: Tue Nov 05 13:16:07 2013
Info: Command: quartus_map --read_settings_files=on --write_settings_files=off TP3 -c fpga1
Info: Found 1 design units, including 1 entities, in source file ADD3.bdf
    Info: Found entity 1: ADD3
Info: Elaborating entity "ADD3" for the top level hierarchy
Warning: Using design file ../../max2lib/add4group.bdf, which is not specified as a design file for the current project, but contains definitions for 1 design units and 1 entities in project
    Info: Found entity 1: add4group
Info: Elaborating entity "add4group" for hierarchy "add4group:inst4"
Warning: Using design file G:/l3info/tparc/max2lib/combinatoire/Add4.gdf, which is not specified as a design file for the current project, but contains definitions for 1 design units and 1 entities in project
    Info: Found entity 1: Add4
Info: Elaborating entity "Add4" for hierarchy "add4group:inst4|Add4:inst"
Warning: Using design file G:/l3info/tparc/max2lib/combinatoire/zero.gdf, which is not specified as a design file for the current project, but contains definitions for 1 design units and 1 entities in project
    Info: Found entity 1: zero
Info: Elaborating entity "zero" for hierarchy "zero:inst5"
Info: Ignored 2 buffer(s)
    Info: Ignored 2 SOFT buffer(s)
Info: Implemented 37 device resources after synthesis - the final resource count might be different
    Info: Implemented 12 input pins
    Info: Implemented 6 output pins
    Info: Implemented 19 logic cells
Info: Quartus II Analysis & Synthesis was successful. 0 errors, 3 warnings
    Info: Peak virtual memory: 194 megabytes
    Info: Processing ended: Tue Nov 05 13:16:11 2013
    Info: Elapsed time: 00:00:04
    Info: Total CPU time (on all processors): 00:00:01


