Flow report for fpga1
Tue Nov 05 11:21:33 2013
Quartus II Version 9.0 Build 235 06/17/2009 Service Pack 2 SJ Full Version


---------------------
; Table of Contents ;
---------------------
  1. Legal Notice
  2. Flow Summary
  3. Flow Settings
  4. Flow Non-Default Global Settings
  5. Flow Elapsed Time
  6. Flow OS Summary
  7. Flow Log



----------------
; Legal Notice ;
----------------
Copyright (C) 1991-2009 Altera Corporation
Your use of Altera Corporation's design tools, logic functions 
and other software and tools, and its AMPP partner logic 
functions, and any output files from any of the foregoing 
(including device programming or simulation files), and any 
associated documentation or information are expressly subject 
to the terms and conditions of the Altera Program License 
Subscription Agreement, Altera MegaCore Function License 
Agreement, or other applicable license agreement, including, 
without limitation, that your use is for the sole purpose of 
programming logic devices manufactured by Altera and sold by 
Altera or its authorized distributors.  Please refer to the 
applicable agreement for further details.



+-------------------------------------------------------------------------+
; Flow Summary                                                            ;
+-------------------------+-----------------------------------------------+
; Flow Status             ; Successful - Tue Nov 05 11:21:33 2013         ;
; Quartus II Version      ; 9.0 Build 235 06/17/2009 SP 2 SJ Full Version ;
; Revision Name           ; fpga1                                         ;
; Top-level Entity Name   ; COMP4                                         ;
; Family                  ; FLEX10K                                       ;
; Device                  ; EPF10K10LC84-3                                ;
; Timing Models           ; Final                                         ;
; Met timing requirements ; N/A                                           ;
; Total logic elements    ; 6                                             ;
; Total pins              ; 10                                            ;
; Total memory bits       ; 0                                             ;
+-------------------------+-----------------------------------------------+


+-----------------------------------------+
; Flow Settings                           ;
+-------------------+---------------------+
; Option            ; Setting             ;
+-------------------+---------------------+
; Start date & time ; 11/05/2013 11:21:31 ;
; Main task         ; Compilation         ;
; Revision Name     ; fpga1               ;
+-------------------+---------------------+


+-------------------------------------------------------------------------------------------------------------------------------------------------------------+
; Flow Non-Default Global Settings                                                                                                                            ;
+-----------------------+------------------------------------------------------------------------------------------+---------------+-------------+------------+
; Assignment Name       ; Value                                                                                    ; Default Value ; Entity Name ; Section Id ;
+-----------------------+------------------------------------------------------------------------------------------+---------------+-------------+------------+
; COMPILER_SIGNATURE_ID ; 132683362577118.138364689110684                                                          ; --            ; --          ; --         ;
; FITTER_EFFORT         ; Standard Fit                                                                             ; Auto Fit      ; --          ; --         ;
; TOP_LEVEL_ENTITY      ; COMP4                                                                                    ; fpga1         ; --          ; --         ;
; USER_LIBRARIES        ; G:\l3info\tparc\max2lib\sequentiel;G:\l3info\tparc\max2lib\combinatoire;H:\tparc\max2lib ; --            ; --          ; --         ;
+-----------------------+------------------------------------------------------------------------------------------+---------------+-------------+------------+


+--------------------------------------------------------------------------------------------------------------------------+
; Flow Elapsed Time                                                                                                        ;
+----------------------+--------------+-------------------------+---------------------+------------------------------------+
; Module Name          ; Elapsed Time ; Average Processors Used ; Peak Virtual Memory ; Total CPU Time (on all processors) ;
+----------------------+--------------+-------------------------+---------------------+------------------------------------+
; Analysis & Synthesis ; 00:00:03     ; 1.0                     ; 194 MB              ; 00:00:01                           ;
; Total                ; 00:00:03     ; --                      ; --                  ; 00:00:01                           ;
+----------------------+--------------+-------------------------+---------------------+------------------------------------+


+---------------------------------------------------------------------------------------+
; Flow OS Summary                                                                       ;
+----------------------+------------------+---------------+------------+----------------+
; Module Name          ; Machine Hostname ; OS Name       ; OS Version ; Processor type ;
+----------------------+------------------+---------------+------------+----------------+
; Analysis & Synthesis ; i202m08          ; Windows Vista ; 6.1        ; i686           ;
+----------------------+------------------+---------------+------------+----------------+


------------
; Flow Log ;
------------
quartus_map --read_settings_files=on --write_settings_files=off TP3 -c fpga1



